#
# There is insufficient memory for the Java Runtime Environment to continue.
# Native memory allocation (malloc) failed to allocate 1917776 bytes for Chunk::new
# Possible reasons:
#   The system is out of physical RAM or swap space
#   The process is running with CompressedOops enabled, and the Java Heap may be blocking the growth of the native heap
# Possible solutions:
#   Reduce memory load on the system
#   Increase physical memory or swap space
#   Check if swap backing store is full
#   Decrease Java heap size (-Xmx/-Xms)
#   Decrease number of Java threads
#   Decrease Java thread stack sizes (-Xss)
#   Set larger code cache with -XX:ReservedCodeCacheSize=
#   JVM is running with Unscaled Compressed Oops mode in which the Java heap is
#     placed in the first 4GB address space. The Java Heap base address is the
#     maximum limit for the native heap growth. Please use -XX:HeapBaseMinAddress
#     to set the Java Heap base and to place the Java Heap above 4GB virtual address.
# This output file may be truncated or incomplete.
#
#  Out of Memory Error (./src/hotspot/share/memory/arena.cpp:197), pid=5584, tid=2132
#
# JRE version: OpenJDK Runtime Environment (11.0.10) (build 11.0.10+0-b96-7249189)
# Java VM: OpenJDK 64-Bit Server VM (11.0.10+0-b96-7249189, mixed mode, tiered, compressed oops, g1 gc, windows-amd64)
# No core dump will be written. Minidumps are not enabled by default on client versions of Windows
#

---------------  S U M M A R Y ------------

Command Line: --add-opens=java.base/java.util=ALL-UNNAMED --add-opens=java.base/java.lang=ALL-UNNAMED --add-opens=java.base/java.lang.invoke=ALL-UNNAMED --add-opens=java.base/java.util=ALL-UNNAMED --add-opens=java.prefs/java.util.prefs=ALL-UNNAMED --add-opens=java.prefs/java.util.prefs=ALL-UNNAMED --add-opens=java.base/java.nio.charset=ALL-UNNAMED --add-opens=java.base/java.net=ALL-UNNAMED --add-opens=java.base/java.util.concurrent.atomic=ALL-UNNAMED -Xmx2048m -Dfile.encoding=UTF-8 -Duser.country=US -Duser.language=en -Duser.variant org.gradle.launcher.daemon.bootstrap.GradleDaemon 7.0.2

Host: Intel(R) Core(TM) i3-7020U CPU @ 2.30GHz, 4 cores, 7G,  Windows 10 , 64 bit Build 18362 (10.0.18362.1714)
Time: Mon Aug 16 13:20:17 2021 Sri Lanka Standard Time elapsed time: 4280.126560 seconds (0d 1h 11m 20s)

---------------  T H R E A D  ---------------

Current thread (0x0000013eba001800):  JavaThread "C2 CompilerThread0" daemon [_thread_in_native, id=2132, stack(0x0000000903300000,0x0000000903400000)]


Current CompileTask:
C2:4280126 30304       4       org.objectweb.asm.ClassReader::readCode (5109 bytes)

Stack: [0x0000000903300000,0x0000000903400000]
Native frames: (J=compiled Java code, j=interpreted, Vv=VM code, C=native code)
V  [jvm.dll+0x5ecfaa]
V  [jvm.dll+0x722bd5]
V  [jvm.dll+0x72412d]
V  [jvm.dll+0x7247e3]
V  [jvm.dll+0x242928]
V  [jvm.dll+0xbc4fc]
V  [jvm.dll+0xbca0c]
V  [jvm.dll+0x352d7d]
V  [jvm.dll+0x19800c]
V  [jvm.dll+0x1fb70e]
V  [jvm.dll+0x1fa7f4]
V  [jvm.dll+0x18354c]
V  [jvm.dll+0x208ee7]
V  [jvm.dll+0x207731]
V  [jvm.dll+0x6eb1cf]
V  [jvm.dll+0x6e3d45]
V  [jvm.dll+0x5ebe96]
C  [ucrtbase.dll+0x210b2]
C  [KERNEL32.DLL+0x17c24]
C  [ntdll.dll+0x6d721]


---------------  P R O C E S S  ---------------

Threads class SMR info:
_java_thread_list=0x0000013ec1dd1ad0, length=51, elements={
0x0000013ea040d800, 0x0000013eb9fdd800, 0x0000013eb9fdf000, 0x0000013eb9ff8000,
0x0000013eb9ff9800, 0x0000013eb9ffc000, 0x0000013eba001800, 0x0000013eba009800,
0x0000013eba016800, 0x0000013ebaab5000, 0x0000013ebddb3800, 0x0000013ebc464800,
0x0000013ebac84000, 0x0000013ebd09b800, 0x0000013ebd09e000, 0x0000013ebdb4f800,
0x0000013ebdb50800, 0x0000013ebdb53000, 0x0000013ebdb54800, 0x0000013ebdb55800,
0x0000013ebdb57000, 0x0000013ebdb56000, 0x0000013ebdb5c000, 0x0000013ebb961000,
0x0000013ebb962000, 0x0000013ebb96b000, 0x0000013ebd09c800, 0x0000013ec025f800,
0x0000013ec0261800, 0x0000013ec0262000, 0x0000013ec0263000, 0x0000013ec0263800,
0x0000013ec025e000, 0x0000013ec0264800, 0x0000013ebb962800, 0x0000013ebb963800,
0x0000013ebb95f800, 0x0000013ebb964800, 0x0000013ebb966000, 0x0000013ebb965000,
0x0000013ebb960000, 0x0000013ebb969000, 0x0000013ebb967000, 0x0000013ebb968800,
0x0000013ebb967800, 0x0000013ebb96c800, 0x0000013ebb96a000, 0x0000013ebb96b800,
0x0000013ebb96d800, 0x0000013ebdb53800, 0x0000013ebdb52000
}

Java Threads: ( => current thread )
  0x0000013ea040d800 JavaThread "main" [_thread_blocked, id=3580, stack(0x0000000902700000,0x0000000902800000)]
  0x0000013eb9fdd800 JavaThread "Reference Handler" daemon [_thread_blocked, id=1564, stack(0x0000000902e00000,0x0000000902f00000)]
  0x0000013eb9fdf000 JavaThread "Finalizer" daemon [_thread_blocked, id=3064, stack(0x0000000902f00000,0x0000000903000000)]
  0x0000013eb9ff8000 JavaThread "Signal Dispatcher" daemon [_thread_blocked, id=700, stack(0x0000000903000000,0x0000000903100000)]
  0x0000013eb9ff9800 JavaThread "Attach Listener" daemon [_thread_blocked, id=4564, stack(0x0000000903100000,0x0000000903200000)]
  0x0000013eb9ffc000 JavaThread "Service Thread" daemon [_thread_blocked, id=2060, stack(0x0000000903200000,0x0000000903300000)]
=>0x0000013eba001800 JavaThread "C2 CompilerThread0" daemon [_thread_in_native, id=2132, stack(0x0000000903300000,0x0000000903400000)]
  0x0000013eba009800 JavaThread "C1 CompilerThread0" daemon [_thread_blocked, id=2004, stack(0x0000000903400000,0x0000000903500000)]
  0x0000013eba016800 JavaThread "Sweeper thread" daemon [_thread_blocked, id=284, stack(0x0000000903500000,0x0000000903600000)]
  0x0000013ebaab5000 JavaThread "Common-Cleaner" daemon [_thread_blocked, id=3520, stack(0x0000000903600000,0x0000000903700000)]
  0x0000013ebddb3800 JavaThread "Daemon health stats" [_thread_blocked, id=216, stack(0x0000000903a00000,0x0000000903b00000)]
  0x0000013ebc464800 JavaThread "Incoming local TCP Connector on port 52921" [_thread_in_native, id=2040, stack(0x0000000903800000,0x0000000903900000)]
  0x0000013ebac84000 JavaThread "Daemon periodic checks" [_thread_blocked, id=1164, stack(0x0000000903b00000,0x0000000903c00000)]
  0x0000013ebd09b800 JavaThread "Cache worker for file hash cache (C:\Users\RAJPUT\.gradle\caches\7.0.2\fileHashes)" [_thread_blocked, id=1088, stack(0x0000000904000000,0x0000000904100000)]
  0x0000013ebd09e000 JavaThread "File lock request listener" [_thread_in_native, id=2224, stack(0x0000000904400000,0x0000000904500000)]
  0x0000013ebdb4f800 JavaThread "Cache worker for journal cache (C:\Users\RAJPUT\.gradle\caches\journal-1)" [_thread_blocked, id=3968, stack(0x0000000904700000,0x0000000904800000)]
  0x0000013ebdb50800 JavaThread "File watcher server" daemon [_thread_in_native, id=5724, stack(0x0000000904900000,0x0000000904a00000)]
  0x0000013ebdb53000 JavaThread "File watcher consumer" daemon [_thread_blocked, id=3280, stack(0x0000000904a00000,0x0000000904b00000)]
  0x0000013ebdb54800 JavaThread "Cache worker for execution history cache (C:\Users\RAJPUT\.gradle\caches\7.0.2\executionHistory)" [_thread_blocked, id=3788, stack(0x0000000904f00000,0x0000000905000000)]
  0x0000013ebdb55800 JavaThread "jar transforms" [_thread_blocked, id=4180, stack(0x0000000905000000,0x0000000905100000)]
  0x0000013ebdb57000 JavaThread "jar transforms Thread 2" [_thread_blocked, id=2204, stack(0x0000000905100000,0x0000000905200000)]
  0x0000013ebdb56000 JavaThread "Cache worker for file content cache (C:\Users\RAJPUT\.gradle\caches\7.0.2\fileContent)" [_thread_blocked, id=5932, stack(0x0000000905200000,0x0000000905300000)]
  0x0000013ebdb5c000 JavaThread "jar transforms Thread 3" [_thread_blocked, id=2096, stack(0x0000000905400000,0x0000000905500000)]
  0x0000013ebb961000 JavaThread "jar transforms Thread 4" [_thread_blocked, id=5392, stack(0x0000000905a00000,0x0000000905b00000)]
  0x0000013ebb962000 JavaThread "Memory manager" [_thread_blocked, id=5832, stack(0x0000000905b00000,0x0000000905c00000)]
  0x0000013ebb96b000 JavaThread "Cache worker for Java compile cache (C:\Users\RAJPUT\.gradle\caches\7.0.2\javaCompile)" [_thread_blocked, id=3692, stack(0x0000000906900000,0x0000000906a00000)]
  0x0000013ebd09c800 JavaThread "ForkJoinPool.commonPool-worker-7" daemon [_thread_blocked, id=2160, stack(0x0000000906600000,0x0000000906700000)]
  0x0000013ec025f800 JavaThread "Daemon Thread 17" [_thread_blocked, id=6036, stack(0x0000000902400000,0x0000000902500000)]
  0x0000013ec0261800 JavaThread "Handler for socket connection from /127.0.0.1:52921 to /127.0.0.1:53868" [_thread_in_native, id=5192, stack(0x0000000902500000,0x0000000902600000)]
  0x0000013ec0262000 JavaThread "Cancel handler" [_thread_blocked, id=1036, stack(0x0000000902600000,0x0000000902700000)]
  0x0000013ec0263000 JavaThread "Daemon worker Thread 17" [_thread_blocked, id=3912, stack(0x0000000903c00000,0x0000000903d00000)]
  0x0000013ec0263800 JavaThread "Asynchronous log dispatcher for DefaultDaemonConnection: socket connection from /127.0.0.1:52921 to /127.0.0.1:53868" [_thread_blocked, id=3664, stack(0x0000000903d00000,0x0000000903e00000)]
  0x0000013ec025e000 JavaThread "Stdin handler" [_thread_blocked, id=5716, stack(0x0000000903e00000,0x0000000903f00000)]
  0x0000013ec0264800 JavaThread "Daemon client event forwarder" [_thread_blocked, id=104, stack(0x0000000903f00000,0x0000000904000000)]
  0x0000013ebb962800 JavaThread "Cache worker for file hash cache (F:\PROJECTS\Android Projects\MPlayer\MPlayer\.gradle\7.0.2\fileHashes)" [_thread_blocked, id=3560, stack(0x0000000904100000,0x0000000904200000)]
  0x0000013ebb963800 JavaThread "Cache worker for checksums cache (F:\PROJECTS\Android Projects\MPlayer\MPlayer\.gradle\checksums)" [_thread_blocked, id=4752, stack(0x0000000904200000,0x0000000904300000)]
  0x0000013ebb95f800 JavaThread "Cache worker for cache directory md-supplier (C:\Users\RAJPUT\.gradle\caches\7.0.2\md-supplier)" [_thread_blocked, id=2904, stack(0x0000000904300000,0x0000000904400000)]
  0x0000013ebb964800 JavaThread "Cache worker for cache directory md-rule (C:\Users\RAJPUT\.gradle\caches\7.0.2\md-rule)" [_thread_blocked, id=4292, stack(0x0000000904800000,0x0000000904900000)]
  0x0000013ebb966000 JavaThread "Cache worker for dependencies-accessors (F:\PROJECTS\Android Projects\MPlayer\MPlayer\.gradle\7.0.2\dependencies-accessors)" [_thread_blocked, id=4376, stack(0x0000000904b00000,0x0000000904c00000)]
  0x0000013ebb965000 JavaThread "Cache worker for Build Output Cleanup Cache (F:\PROJECTS\Android Projects\MPlayer\MPlayer\.gradle\buildOutputCleanup)" [_thread_blocked, id=5172, stack(0x0000000904c00000,0x0000000904d00000)]
  0x0000013ebb960000 JavaThread "Build operations" [_thread_in_Java, id=2156, stack(0x0000000904d00000,0x0000000904e00000)]
  0x0000013ebb969000 JavaThread "Build operations Thread 2" [_thread_in_Java, id=1132, stack(0x0000000904e00000,0x0000000904f00000)]
  0x0000013ebb967000 JavaThread "Build operations Thread 3" [_thread_in_vm, id=4532, stack(0x0000000905300000,0x0000000905400000)]
  0x0000013ebb968800 JavaThread "Build operations Thread 4" [_thread_in_Java, id=5992, stack(0x0000000905500000,0x0000000905600000)]
  0x0000013ebb967800 JavaThread "build event listener" [_thread_blocked, id=5648, stack(0x0000000905600000,0x0000000905700000)]
  0x0000013ebb96c800 JavaThread "Execution worker for ':'" [_thread_blocked, id=5904, stack(0x0000000905700000,0x0000000905800000)]
  0x0000013ebb96a000 JavaThread "Execution worker for ':' Thread 2" [_thread_blocked, id=1352, stack(0x0000000905800000,0x0000000905900000)]
  0x0000013ebb96b800 JavaThread "Execution worker for ':' Thread 3" [_thread_blocked, id=4380, stack(0x0000000905900000,0x0000000905a00000)]
  0x0000013ebb96d800 JavaThread "Cache worker for execution history cache (F:\PROJECTS\Android Projects\MPlayer\MPlayer\.gradle\7.0.2\executionHistory)" [_thread_blocked, id=4508, stack(0x0000000905c00000,0x0000000905d00000)]
  0x0000013ebdb53800 JavaThread "WorkerExecutor Queue" [_thread_blocked, id=1224, stack(0x0000000905d00000,0x0000000905e00000)]
  0x0000013ebdb52000 JavaThread "WorkerExecutor Queue Thread 2" [_thread_blocked, id=4132, stack(0x0000000905e00000,0x0000000905f00000)]

Other Threads:
  0x0000013eb9fd8800 VMThread "VM Thread" [stack: 0x0000000902d00000,0x0000000902e00000] [id=4924]
  0x0000013ebaacf000 WatcherThread [stack: 0x0000000903700000,0x0000000903800000] [id=5204]
  0x0000013ea0424800 GCTaskThread "GC Thread#0" [stack: 0x0000000902800000,0x0000000902900000] [id=3748]
  0x0000013ebb2b5000 GCTaskThread "GC Thread#1" [stack: 0x0000000903900000,0x0000000903a00000] [id=1184]
  0x0000013ebe35c800 GCTaskThread "GC Thread#2" [stack: 0x0000000904500000,0x0000000904600000] [id=2728]
  0x0000013ebde8d800 GCTaskThread "GC Thread#3" [stack: 0x0000000904600000,0x0000000904700000] [id=1188]
  0x0000013ea0456800 ConcurrentGCThread "G1 Main Marker" [stack: 0x0000000902900000,0x0000000902a00000] [id=1628]
  0x0000013ea0458000 ConcurrentGCThread "G1 Conc#0" [stack: 0x0000000902a00000,0x0000000902b00000] [id=3552]
  0x0000013ea04d2000 ConcurrentGCThread "G1 Refine#0" [stack: 0x0000000902b00000,0x0000000902c00000] [id=2244]
  0x0000013ea04d3000 ConcurrentGCThread "G1 Young RemSet Sampling" [stack: 0x0000000902c00000,0x0000000902d00000] [id=4428]

Threads with active compile tasks:
C2 CompilerThread04280212 30304       4       org.objectweb.asm.ClassReader::readCode (5109 bytes)

VM state:not at safepoint (normal execution)

VM Mutex/Monitor currently owned by a thread: None

Heap address: 0x0000000080000000, size: 2048 MB, Compressed Oops mode: 32-bit
Narrow klass base: 0x0000000000000000, Narrow klass shift: 3
Compressed class space size: 1073741824 Address: 0x0000000100000000

Heap:
 garbage-first heap   total 218112K, used 124824K [0x0000000080000000, 0x0000000100000000)
  region size 1024K, 36 young (36864K), 10 survivors (10240K)
 Metaspace       used 128941K, capacity 133440K, committed 133580K, reserved 1165312K
  class space    used 15662K, capacity 17297K, committed 17356K, reserved 1048576K
Heap Regions: E=young(eden), S=young(survivor), O=old, HS=humongous(starts), HC=humongous(continues), CS=collection set, F=free, A=archive, TAMS=top-at-mark-start (previous, next)
|   0|0x0000000080000000, 0x0000000080100000, 0x0000000080100000|100%| O|  |TAMS 0x0000000080100000, 0x0000000080000000| Untracked 
|   1|0x0000000080100000, 0x0000000080200000, 0x0000000080200000|100%| O|  |TAMS 0x0000000080200000, 0x0000000080100000| Untracked 
|   2|0x0000000080200000, 0x0000000080300000, 0x0000000080300000|100%| O|  |TAMS 0x0000000080300000, 0x0000000080200000| Untracked 
|   3|0x0000000080300000, 0x0000000080400000, 0x0000000080400000|100%|HS|  |TAMS 0x0000000080400000, 0x0000000080300000| Complete 
|   4|0x0000000080400000, 0x0000000080500000, 0x0000000080500000|100%|HC|  |TAMS 0x0000000080500000, 0x0000000080400000| Complete 
|   5|0x0000000080500000, 0x0000000080600000, 0x0000000080600000|100%|HC|  |TAMS 0x0000000080600000, 0x0000000080500000| Complete 
|   6|0x0000000080600000, 0x0000000080700000, 0x0000000080700000|100%| O|  |TAMS 0x0000000080700000, 0x0000000080600000| Untracked 
|   7|0x0000000080700000, 0x0000000080800000, 0x0000000080800000|100%| O|  |TAMS 0x000000008076a800, 0x0000000080700000| Untracked 
|   8|0x0000000080800000, 0x0000000080900000, 0x0000000080900000|100%| O|  |TAMS 0x0000000080900000, 0x0000000080800000| Untracked 
|   9|0x0000000080900000, 0x0000000080a00000, 0x0000000080a00000|100%| O|  |TAMS 0x0000000080a00000, 0x0000000080900000| Untracked 
|  10|0x0000000080a00000, 0x0000000080b00000, 0x0000000080b00000|100%| O|  |TAMS 0x0000000080b00000, 0x0000000080a00000| Untracked 
|  11|0x0000000080b00000, 0x0000000080c00000, 0x0000000080c00000|100%| O|  |TAMS 0x0000000080c00000, 0x0000000080b00000| Untracked 
|  12|0x0000000080c00000, 0x0000000080d00000, 0x0000000080d00000|100%| O|  |TAMS 0x0000000080d00000, 0x0000000080c00000| Untracked 
|  13|0x0000000080d00000, 0x0000000080e00000, 0x0000000080e00000|100%| O|  |TAMS 0x0000000080e00000, 0x0000000080d00000| Untracked 
|  14|0x0000000080e00000, 0x0000000080f00000, 0x0000000080f00000|100%| O|  |TAMS 0x0000000080f00000, 0x0000000080e00000| Untracked 
|  15|0x0000000080f00000, 0x0000000081000000, 0x0000000081000000|100%| O|  |TAMS 0x0000000081000000, 0x0000000080f00000| Untracked 
|  16|0x0000000081000000, 0x0000000081100000, 0x0000000081100000|100%| O|  |TAMS 0x0000000081100000, 0x0000000081000000| Untracked 
|  17|0x0000000081100000, 0x0000000081200000, 0x0000000081200000|100%|HS|  |TAMS 0x0000000081200000, 0x0000000081100000| Complete 
|  18|0x0000000081200000, 0x0000000081300000, 0x0000000081300000|100%| O|  |TAMS 0x0000000081300000, 0x0000000081200000| Untracked 
|  19|0x0000000081300000, 0x0000000081400000, 0x0000000081400000|100%| O|  |TAMS 0x0000000081400000, 0x0000000081300000| Untracked 
|  20|0x0000000081400000, 0x0000000081500000, 0x0000000081500000|100%| O|  |TAMS 0x0000000081500000, 0x0000000081400000| Untracked 
|  21|0x0000000081500000, 0x0000000081600000, 0x0000000081600000|100%| O|  |TAMS 0x0000000081600000, 0x0000000081500000| Untracked 
|  22|0x0000000081600000, 0x0000000081700000, 0x0000000081700000|100%| O|  |TAMS 0x0000000081700000, 0x0000000081600000| Untracked 
|  23|0x0000000081700000, 0x0000000081800000, 0x0000000081800000|100%|HS|  |TAMS 0x0000000081800000, 0x0000000081700000| Complete 
|  24|0x0000000081800000, 0x0000000081900000, 0x0000000081900000|100%|HS|  |TAMS 0x0000000081900000, 0x0000000081800000| Complete 
|  25|0x0000000081900000, 0x0000000081a00000, 0x0000000081a00000|100%|HC|  |TAMS 0x0000000081a00000, 0x0000000081900000| Complete 
|  26|0x0000000081a00000, 0x0000000081b00000, 0x0000000081b00000|100%| O|  |TAMS 0x0000000081b00000, 0x0000000081a00000| Untracked 
|  27|0x0000000081b00000, 0x0000000081c00000, 0x0000000081c00000|100%| O|  |TAMS 0x0000000081c00000, 0x0000000081b00000| Untracked 
|  28|0x0000000081c00000, 0x0000000081d00000, 0x0000000081d00000|100%| O|  |TAMS 0x0000000081d00000, 0x0000000081c00000| Untracked 
|  29|0x0000000081d00000, 0x0000000081e00000, 0x0000000081e00000|100%| O|  |TAMS 0x0000000081e00000, 0x0000000081d00000| Untracked 
|  30|0x0000000081e00000, 0x0000000081f00000, 0x0000000081f00000|100%| O|  |TAMS 0x0000000081f00000, 0x0000000081e00000| Untracked 
|  31|0x0000000081f00000, 0x0000000082000000, 0x0000000082000000|100%| O|  |TAMS 0x0000000082000000, 0x0000000081f00000| Untracked 
|  32|0x0000000082000000, 0x0000000082100000, 0x0000000082100000|100%| O|  |TAMS 0x0000000082100000, 0x0000000082000000| Untracked 
|  33|0x0000000082100000, 0x0000000082200000, 0x0000000082200000|100%| O|  |TAMS 0x0000000082200000, 0x0000000082100000| Untracked 
|  34|0x0000000082200000, 0x0000000082300000, 0x0000000082300000|100%| O|  |TAMS 0x0000000082300000, 0x0000000082200000| Untracked 
|  35|0x0000000082300000, 0x0000000082400000, 0x0000000082400000|100%| O|  |TAMS 0x0000000082400000, 0x0000000082300000| Untracked 
|  36|0x0000000082400000, 0x0000000082500000, 0x0000000082500000|100%| O|  |TAMS 0x0000000082500000, 0x0000000082400000| Untracked 
|  37|0x0000000082500000, 0x0000000082600000, 0x0000000082600000|100%| O|  |TAMS 0x0000000082600000, 0x0000000082500000| Untracked 
|  38|0x0000000082600000, 0x0000000082700000, 0x0000000082700000|100%| O|  |TAMS 0x0000000082700000, 0x0000000082600000| Untracked 
|  39|0x0000000082700000, 0x0000000082800000, 0x0000000082800000|100%| O|  |TAMS 0x0000000082800000, 0x0000000082700000| Untracked 
|  40|0x0000000082800000, 0x0000000082900000, 0x0000000082900000|100%| O|  |TAMS 0x0000000082900000, 0x0000000082800000| Untracked 
|  41|0x0000000082900000, 0x0000000082a00000, 0x0000000082a00000|100%| O|  |TAMS 0x0000000082900000, 0x0000000082900000| Untracked 
|  42|0x0000000082a00000, 0x0000000082b00000, 0x0000000082b00000|100%| O|  |TAMS 0x0000000082b00000, 0x0000000082a00000| Untracked 
|  43|0x0000000082b00000, 0x0000000082c00000, 0x0000000082c00000|100%| O|  |TAMS 0x0000000082b00000, 0x0000000082b00000| Untracked 
|  44|0x0000000082c00000, 0x0000000082d00000, 0x0000000082d00000|100%| O|  |TAMS 0x0000000082d00000, 0x0000000082c00000| Untracked 
|  45|0x0000000082d00000, 0x0000000082e00000, 0x0000000082e00000|100%| O|  |TAMS 0x0000000082e00000, 0x0000000082d00000| Untracked 
|  46|0x0000000082e00000, 0x0000000082f00000, 0x0000000082f00000|100%| O|  |TAMS 0x0000000082f00000, 0x0000000082e00000| Untracked 
|  47|0x0000000082f00000, 0x0000000083000000, 0x0000000083000000|100%| O|  |TAMS 0x0000000083000000, 0x0000000082f00000| Untracked 
|  48|0x0000000083000000, 0x0000000083100000, 0x0000000083100000|100%| O|  |TAMS 0x0000000083100000, 0x0000000083000000| Untracked 
|  49|0x0000000083100000, 0x0000000083200000, 0x0000000083200000|100%| O|  |TAMS 0x0000000083200000, 0x0000000083100000| Untracked 
|  50|0x0000000083200000, 0x0000000083300000, 0x0000000083300000|100%| O|  |TAMS 0x0000000083300000, 0x0000000083200000| Untracked 
|  51|0x0000000083300000, 0x0000000083400000, 0x0000000083400000|100%| O|  |TAMS 0x0000000083400000, 0x0000000083300000| Untracked 
|  52|0x0000000083400000, 0x0000000083500000, 0x0000000083500000|100%| O|  |TAMS 0x0000000083500000, 0x0000000083400000| Untracked 
|  53|0x0000000083500000, 0x0000000083600000, 0x0000000083600000|100%| O|  |TAMS 0x0000000083600000, 0x0000000083500000| Untracked 
|  54|0x0000000083600000, 0x0000000083700000, 0x0000000083700000|100%| O|  |TAMS 0x0000000083600000, 0x0000000083600000| Untracked 
|  55|0x0000000083700000, 0x0000000083800000, 0x0000000083800000|100%| O|  |TAMS 0x0000000083800000, 0x0000000083700000| Untracked 
|  56|0x0000000083800000, 0x0000000083900000, 0x0000000083900000|100%| O|  |TAMS 0x0000000083900000, 0x0000000083800000| Untracked 
|  57|0x0000000083900000, 0x0000000083a00000, 0x0000000083a00000|100%| O|  |TAMS 0x0000000083900000, 0x0000000083900000| Untracked 
|  58|0x0000000083a00000, 0x0000000083b00000, 0x0000000083b00000|100%| O|  |TAMS 0x0000000083b00000, 0x0000000083a00000| Untracked 
|  59|0x0000000083b00000, 0x0000000083c00000, 0x0000000083c00000|100%| O|  |TAMS 0x0000000083c00000, 0x0000000083b00000| Untracked 
|  60|0x0000000083c00000, 0x0000000083d00000, 0x0000000083d00000|100%| O|  |TAMS 0x0000000083c00000, 0x0000000083c00000| Untracked 
|  61|0x0000000083d00000, 0x0000000083e00000, 0x0000000083e00000|100%| O|  |TAMS 0x0000000083e00000, 0x0000000083d00000| Untracked 
|  62|0x0000000083e00000, 0x0000000083f00000, 0x0000000083f00000|100%| O|  |TAMS 0x0000000083f00000, 0x0000000083e00000| Untracked 
|  63|0x0000000083f00000, 0x0000000084000000, 0x0000000084000000|100%| O|  |TAMS 0x0000000084000000, 0x0000000083f00000| Untracked 
|  64|0x0000000084000000, 0x00000000840e6200, 0x0000000084100000| 89%| O|  |TAMS 0x0000000084000000, 0x0000000084000000| Untracked 
|  65|0x0000000084100000, 0x0000000084200000, 0x0000000084200000|100%| O|  |TAMS 0x0000000084200000, 0x0000000084100000| Untracked 
|  66|0x0000000084200000, 0x0000000084300000, 0x0000000084300000|100%| O|  |TAMS 0x0000000084300000, 0x0000000084200000| Untracked 
|  67|0x0000000084300000, 0x0000000084300000, 0x0000000084400000|  0%| F|  |TAMS 0x0000000084300000, 0x0000000084300000| Untracked 
|  68|0x0000000084400000, 0x0000000084400000, 0x0000000084500000|  0%| F|  |TAMS 0x0000000084400000, 0x0000000084400000| Untracked 
|  69|0x0000000084500000, 0x0000000084500000, 0x0000000084600000|  0%| F|  |TAMS 0x0000000084500000, 0x0000000084500000| Untracked 
|  70|0x0000000084600000, 0x0000000084700000, 0x0000000084700000|100%| O|  |TAMS 0x0000000084700000, 0x0000000084600000| Untracked 
|  71|0x0000000084700000, 0x0000000084800000, 0x0000000084800000|100%| O|  |TAMS 0x0000000084800000, 0x0000000084700000| Untracked 
|  72|0x0000000084800000, 0x0000000084900000, 0x0000000084900000|100%| O|  |TAMS 0x0000000084900000, 0x0000000084800000| Untracked 
|  73|0x0000000084900000, 0x0000000084a00000, 0x0000000084a00000|100%|HS|  |TAMS 0x0000000084900000, 0x0000000084900000| Complete 
|  74|0x0000000084a00000, 0x0000000084b00000, 0x0000000084b00000|100%|HC|  |TAMS 0x0000000084a00000, 0x0000000084a00000| Complete 
|  75|0x0000000084b00000, 0x0000000084c00000, 0x0000000084c00000|100%| O|  |TAMS 0x0000000084c00000, 0x0000000084b00000| Untracked 
|  76|0x0000000084c00000, 0x0000000084d00000, 0x0000000084d00000|100%| O|  |TAMS 0x0000000084d00000, 0x0000000084c00000| Untracked 
|  77|0x0000000084d00000, 0x0000000084d00000, 0x0000000084e00000|  0%| F|  |TAMS 0x0000000084d00000, 0x0000000084d00000| Untracked 
|  78|0x0000000084e00000, 0x0000000084f00000, 0x0000000084f00000|100%| O|  |TAMS 0x0000000084f00000, 0x0000000084e00000| Untracked 
|  79|0x0000000084f00000, 0x0000000084f00000, 0x0000000085000000|  0%| F|  |TAMS 0x0000000084f00000, 0x0000000084f00000| Untracked 
|  80|0x0000000085000000, 0x0000000085100000, 0x0000000085100000|100%| O|  |TAMS 0x0000000085100000, 0x0000000085000000| Untracked 
|  81|0x0000000085100000, 0x0000000085100000, 0x0000000085200000|  0%| F|  |TAMS 0x0000000085100000, 0x0000000085100000| Untracked 
|  82|0x0000000085200000, 0x0000000085300000, 0x0000000085300000|100%| O|  |TAMS 0x0000000085300000, 0x0000000085200000| Untracked 
|  83|0x0000000085300000, 0x0000000085400000, 0x0000000085400000|100%| O|  |TAMS 0x0000000085400000, 0x0000000085300000| Untracked 
|  84|0x0000000085400000, 0x0000000085500000, 0x0000000085500000|100%| O|  |TAMS 0x0000000085500000, 0x0000000085400000| Untracked 
|  85|0x0000000085500000, 0x0000000085500000, 0x0000000085600000|  0%| F|  |TAMS 0x0000000085500000, 0x0000000085500000| Untracked 
|  86|0x0000000085600000, 0x0000000085600000, 0x0000000085700000|  0%| F|  |TAMS 0x0000000085600000, 0x0000000085600000| Untracked 
|  87|0x0000000085700000, 0x0000000085700000, 0x0000000085800000|  0%| F|  |TAMS 0x0000000085700000, 0x0000000085700000| Untracked 
|  88|0x0000000085800000, 0x0000000085800000, 0x0000000085900000|  0%| F|  |TAMS 0x0000000085800000, 0x0000000085800000| Untracked 
|  89|0x0000000085900000, 0x0000000085900000, 0x0000000085a00000|  0%| F|  |TAMS 0x0000000085900000, 0x0000000085900000| Untracked 
|  90|0x0000000085a00000, 0x0000000085a00000, 0x0000000085b00000|  0%| F|  |TAMS 0x0000000085a00000, 0x0000000085a00000| Untracked 
|  91|0x0000000085b00000, 0x0000000085b00000, 0x0000000085c00000|  0%| F|  |TAMS 0x0000000085b00000, 0x0000000085b00000| Untracked 
|  92|0x0000000085c00000, 0x0000000085c00000, 0x0000000085d00000|  0%| F|  |TAMS 0x0000000085c00000, 0x0000000085c00000| Untracked 
|  93|0x0000000085d00000, 0x0000000085d00000, 0x0000000085e00000|  0%| F|  |TAMS 0x0000000085d00000, 0x0000000085d00000| Untracked 
|  94|0x0000000085e00000, 0x0000000085e00000, 0x0000000085f00000|  0%| F|  |TAMS 0x0000000085e00000, 0x0000000085e00000| Untracked 
|  95|0x0000000085f00000, 0x0000000085f00000, 0x0000000086000000|  0%| F|  |TAMS 0x0000000085f00000, 0x0000000085f00000| Untracked 
|  96|0x0000000086000000, 0x0000000086000000, 0x0000000086100000|  0%| F|  |TAMS 0x0000000086000000, 0x0000000086000000| Untracked 
|  97|0x0000000086100000, 0x0000000086100000, 0x0000000086200000|  0%| F|  |TAMS 0x0000000086100000, 0x0000000086100000| Untracked 
|  98|0x0000000086200000, 0x0000000086200000, 0x0000000086300000|  0%| F|  |TAMS 0x0000000086200000, 0x0000000086200000| Untracked 
|  99|0x0000000086300000, 0x0000000086400000, 0x0000000086400000|100%| O|  |TAMS 0x0000000086400000, 0x0000000086300000| Untracked 
| 100|0x0000000086400000, 0x0000000086400000, 0x0000000086500000|  0%| F|  |TAMS 0x0000000086400000, 0x0000000086400000| Untracked 
| 101|0x0000000086500000, 0x0000000086500000, 0x0000000086600000|  0%| F|  |TAMS 0x0000000086500000, 0x0000000086500000| Untracked 
| 102|0x0000000086600000, 0x0000000086600000, 0x0000000086700000|  0%| F|  |TAMS 0x0000000086600000, 0x0000000086600000| Untracked 
| 103|0x0000000086700000, 0x0000000086800000, 0x0000000086800000|100%| O|  |TAMS 0x0000000086800000, 0x0000000086700000| Untracked 
| 104|0x0000000086800000, 0x0000000086900000, 0x0000000086900000|100%| O|  |TAMS 0x0000000086900000, 0x0000000086800000| Untracked 
| 105|0x0000000086900000, 0x0000000086a00000, 0x0000000086a00000|100%| O|  |TAMS 0x0000000086a00000, 0x0000000086900000| Untracked 
| 106|0x0000000086a00000, 0x0000000086b00000, 0x0000000086b00000|100%| O|  |TAMS 0x0000000086b00000, 0x0000000086a00000| Untracked 
| 107|0x0000000086b00000, 0x0000000086b00000, 0x0000000086c00000|  0%| F|  |TAMS 0x0000000086b00000, 0x0000000086b00000| Untracked 
| 108|0x0000000086c00000, 0x0000000086d00000, 0x0000000086d00000|100%| O|  |TAMS 0x0000000086d00000, 0x0000000086c00000| Untracked 
| 109|0x0000000086d00000, 0x0000000086e00000, 0x0000000086e00000|100%| O|  |TAMS 0x0000000086e00000, 0x0000000086d00000| Untracked 
| 110|0x0000000086e00000, 0x0000000086f00000, 0x0000000086f00000|100%| O|  |TAMS 0x0000000086f00000, 0x0000000086e00000| Untracked 
| 111|0x0000000086f00000, 0x0000000086f00000, 0x0000000087000000|  0%| F|  |TAMS 0x0000000086f00000, 0x0000000086f00000| Untracked 
| 112|0x0000000087000000, 0x0000000087000000, 0x0000000087100000|  0%| F|  |TAMS 0x0000000087000000, 0x0000000087000000| Untracked 
| 113|0x0000000087100000, 0x0000000087100000, 0x0000000087200000|  0%| F|  |TAMS 0x0000000087100000, 0x0000000087100000| Untracked 
| 114|0x0000000087200000, 0x0000000087200000, 0x0000000087300000|  0%| F|  |TAMS 0x0000000087200000, 0x0000000087200000| Untracked 
| 115|0x0000000087300000, 0x0000000087300000, 0x0000000087400000|  0%| F|  |TAMS 0x0000000087300000, 0x0000000087300000| Untracked 
| 116|0x0000000087400000, 0x0000000087400000, 0x0000000087500000|  0%| F|  |TAMS 0x0000000087400000, 0x0000000087400000| Untracked 
| 117|0x0000000087500000, 0x0000000087500000, 0x0000000087600000|  0%| F|  |TAMS 0x0000000087500000, 0x0000000087500000| Untracked 
| 118|0x0000000087600000, 0x0000000087600000, 0x0000000087700000|  0%| F|  |TAMS 0x0000000087600000, 0x0000000087600000| Untracked 
| 119|0x0000000087700000, 0x0000000087700000, 0x0000000087800000|  0%| F|  |TAMS 0x0000000087700000, 0x0000000087700000| Untracked 
| 120|0x0000000087800000, 0x0000000087800000, 0x0000000087900000|  0%| F|  |TAMS 0x0000000087800000, 0x0000000087800000| Untracked 
| 121|0x0000000087900000, 0x0000000087900000, 0x0000000087a00000|  0%| F|  |TAMS 0x0000000087900000, 0x0000000087900000| Untracked 
| 122|0x0000000087a00000, 0x0000000087a00000, 0x0000000087b00000|  0%| F|  |TAMS 0x0000000087a00000, 0x0000000087a00000| Untracked 
| 123|0x0000000087b00000, 0x0000000087b00000, 0x0000000087c00000|  0%| F|  |TAMS 0x0000000087b00000, 0x0000000087b00000| Untracked 
| 124|0x0000000087c00000, 0x0000000087c00000, 0x0000000087d00000|  0%| F|  |TAMS 0x0000000087c00000, 0x0000000087c00000| Untracked 
| 125|0x0000000087d00000, 0x0000000087d00000, 0x0000000087e00000|  0%| F|  |TAMS 0x0000000087d00000, 0x0000000087d00000| Untracked 
| 126|0x0000000087e00000, 0x0000000087e00000, 0x0000000087f00000|  0%| F|  |TAMS 0x0000000087e00000, 0x0000000087e00000| Untracked 
| 127|0x0000000087f00000, 0x0000000087f00000, 0x0000000088000000|  0%| F|  |TAMS 0x0000000087f00000, 0x0000000087f00000| Untracked 
| 128|0x0000000088000000, 0x0000000088000000, 0x0000000088100000|  0%| F|  |TAMS 0x0000000088000000, 0x0000000088000000| Untracked 
| 129|0x0000000088100000, 0x0000000088200000, 0x0000000088200000|100%| S|CS|TAMS 0x0000000088100000, 0x0000000088100000| Complete 
| 130|0x0000000088200000, 0x0000000088300000, 0x0000000088300000|100%| S|CS|TAMS 0x0000000088200000, 0x0000000088200000| Complete 
| 131|0x0000000088300000, 0x0000000088400000, 0x0000000088400000|100%| S|CS|TAMS 0x0000000088300000, 0x0000000088300000| Complete 
| 132|0x0000000088400000, 0x0000000088500000, 0x0000000088500000|100%| S|CS|TAMS 0x0000000088400000, 0x0000000088400000| Complete 
| 133|0x0000000088500000, 0x0000000088600000, 0x0000000088600000|100%| S|CS|TAMS 0x0000000088500000, 0x0000000088500000| Complete 
| 134|0x0000000088600000, 0x0000000088700000, 0x0000000088700000|100%| S|CS|TAMS 0x0000000088600000, 0x0000000088600000| Complete 
| 135|0x0000000088700000, 0x0000000088800000, 0x0000000088800000|100%| S|CS|TAMS 0x0000000088700000, 0x0000000088700000| Complete 
| 136|0x0000000088800000, 0x0000000088900000, 0x0000000088900000|100%| S|CS|TAMS 0x0000000088800000, 0x0000000088800000| Complete 
| 137|0x0000000088900000, 0x0000000088a00000, 0x0000000088a00000|100%| S|CS|TAMS 0x0000000088900000, 0x0000000088900000| Complete 
| 138|0x0000000088a00000, 0x0000000088b00000, 0x0000000088b00000|100%| S|CS|TAMS 0x0000000088a00000, 0x0000000088a00000| Complete 
| 139|0x0000000088b00000, 0x0000000088b00000, 0x0000000088c00000|  0%| F|  |TAMS 0x0000000088b00000, 0x0000000088b00000| Untracked 
| 140|0x0000000088c00000, 0x0000000088c00000, 0x0000000088d00000|  0%| F|  |TAMS 0x0000000088c00000, 0x0000000088c00000| Untracked 
| 141|0x0000000088d00000, 0x0000000088d00000, 0x0000000088e00000|  0%| F|  |TAMS 0x0000000088d00000, 0x0000000088d00000| Untracked 
| 142|0x0000000088e00000, 0x0000000088e00000, 0x0000000088f00000|  0%| F|  |TAMS 0x0000000088e00000, 0x0000000088e00000| Untracked 
| 143|0x0000000088f00000, 0x0000000088f00000, 0x0000000089000000|  0%| F|  |TAMS 0x0000000088f00000, 0x0000000088f00000| Untracked 
| 144|0x0000000089000000, 0x0000000089000000, 0x0000000089100000|  0%| F|  |TAMS 0x0000000089000000, 0x0000000089000000| Untracked 
| 145|0x0000000089100000, 0x0000000089100000, 0x0000000089200000|  0%| F|  |TAMS 0x0000000089100000, 0x0000000089100000| Untracked 
| 146|0x0000000089200000, 0x0000000089200000, 0x0000000089300000|  0%| F|  |TAMS 0x0000000089200000, 0x0000000089200000| Untracked 
| 147|0x0000000089300000, 0x0000000089300000, 0x0000000089400000|  0%| F|  |TAMS 0x0000000089300000, 0x0000000089300000| Untracked 
| 148|0x0000000089400000, 0x0000000089400000, 0x0000000089500000|  0%| F|  |TAMS 0x0000000089400000, 0x0000000089400000| Untracked 
| 149|0x0000000089500000, 0x0000000089500000, 0x0000000089600000|  0%| F|  |TAMS 0x0000000089500000, 0x0000000089500000| Untracked 
| 150|0x0000000089600000, 0x0000000089600000, 0x0000000089700000|  0%| F|  |TAMS 0x0000000089600000, 0x0000000089600000| Untracked 
| 151|0x0000000089700000, 0x0000000089700000, 0x0000000089800000|  0%| F|  |TAMS 0x0000000089700000, 0x0000000089700000| Untracked 
| 152|0x0000000089800000, 0x0000000089800000, 0x0000000089900000|  0%| F|  |TAMS 0x0000000089800000, 0x0000000089800000| Untracked 
| 153|0x0000000089900000, 0x0000000089900000, 0x0000000089a00000|  0%| F|  |TAMS 0x0000000089900000, 0x0000000089900000| Untracked 
| 154|0x0000000089a00000, 0x0000000089a00000, 0x0000000089b00000|  0%| F|  |TAMS 0x0000000089a00000, 0x0000000089a00000| Untracked 
| 155|0x0000000089b00000, 0x0000000089b00000, 0x0000000089c00000|  0%| F|  |TAMS 0x0000000089b00000, 0x0000000089b00000| Untracked 
| 156|0x0000000089c00000, 0x0000000089c00000, 0x0000000089d00000|  0%| F|  |TAMS 0x0000000089c00000, 0x0000000089c00000| Untracked 
| 157|0x0000000089d00000, 0x0000000089d00000, 0x0000000089e00000|  0%| F|  |TAMS 0x0000000089d00000, 0x0000000089d00000| Untracked 
| 158|0x0000000089e00000, 0x0000000089e00000, 0x0000000089f00000|  0%| F|  |TAMS 0x0000000089e00000, 0x0000000089e00000| Untracked 
| 159|0x0000000089f00000, 0x0000000089f00000, 0x000000008a000000|  0%| F|  |TAMS 0x0000000089f00000, 0x0000000089f00000| Untracked 
| 160|0x000000008a000000, 0x000000008a000000, 0x000000008a100000|  0%| F|  |TAMS 0x000000008a000000, 0x000000008a000000| Untracked 
| 161|0x000000008a100000, 0x000000008a100000, 0x000000008a200000|  0%| F|  |TAMS 0x000000008a100000, 0x000000008a100000| Untracked 
| 162|0x000000008a200000, 0x000000008a200000, 0x000000008a300000|  0%| F|  |TAMS 0x000000008a200000, 0x000000008a200000| Untracked 
| 163|0x000000008a300000, 0x000000008a300000, 0x000000008a400000|  0%| F|  |TAMS 0x000000008a300000, 0x000000008a300000| Untracked 
| 164|0x000000008a400000, 0x000000008a400000, 0x000000008a500000|  0%| F|  |TAMS 0x000000008a400000, 0x000000008a400000| Untracked 
| 165|0x000000008a500000, 0x000000008a500000, 0x000000008a600000|  0%| F|  |TAMS 0x000000008a500000, 0x000000008a500000| Untracked 
| 166|0x000000008a600000, 0x000000008a600000, 0x000000008a700000|  0%| F|  |TAMS 0x000000008a600000, 0x000000008a600000| Untracked 
| 167|0x000000008a700000, 0x000000008a700000, 0x000000008a800000|  0%| F|  |TAMS 0x000000008a700000, 0x000000008a700000| Untracked 
| 168|0x000000008a800000, 0x000000008a800000, 0x000000008a900000|  0%| F|  |TAMS 0x000000008a800000, 0x000000008a800000| Untracked 
| 169|0x000000008a900000, 0x000000008a900000, 0x000000008aa00000|  0%| F|  |TAMS 0x000000008a900000, 0x000000008a900000| Untracked 
| 170|0x000000008aa00000, 0x000000008aa00000, 0x000000008ab00000|  0%| F|  |TAMS 0x000000008aa00000, 0x000000008aa00000| Untracked 
| 171|0x000000008ab00000, 0x000000008ab00000, 0x000000008ac00000|  0%| F|  |TAMS 0x000000008ab00000, 0x000000008ab00000| Untracked 
| 172|0x000000008ac00000, 0x000000008ac00000, 0x000000008ad00000|  0%| F|  |TAMS 0x000000008ac00000, 0x000000008ac00000| Untracked 
| 173|0x000000008ad00000, 0x000000008ad00000, 0x000000008ae00000|  0%| F|  |TAMS 0x000000008ad00000, 0x000000008ad00000| Untracked 
| 174|0x000000008ae00000, 0x000000008ae00000, 0x000000008af00000|  0%| F|  |TAMS 0x000000008ae00000, 0x000000008ae00000| Untracked 
| 175|0x000000008af00000, 0x000000008af00000, 0x000000008b000000|  0%| F|  |TAMS 0x000000008af00000, 0x000000008af00000| Untracked 
| 176|0x000000008b000000, 0x000000008b000000, 0x000000008b100000|  0%| F|  |TAMS 0x000000008b000000, 0x000000008b000000| Untracked 
| 177|0x000000008b100000, 0x000000008b100000, 0x000000008b200000|  0%| F|  |TAMS 0x000000008b100000, 0x000000008b100000| Untracked 
| 178|0x000000008b200000, 0x000000008b200000, 0x000000008b300000|  0%| F|  |TAMS 0x000000008b200000, 0x000000008b200000| Untracked 
| 179|0x000000008b300000, 0x000000008b300000, 0x000000008b400000|  0%| F|  |TAMS 0x000000008b300000, 0x000000008b300000| Untracked 
| 180|0x000000008b400000, 0x000000008b400000, 0x000000008b500000|  0%| F|  |TAMS 0x000000008b400000, 0x000000008b400000| Untracked 
| 181|0x000000008b500000, 0x000000008b500000, 0x000000008b600000|  0%| F|  |TAMS 0x000000008b500000, 0x000000008b500000| Untracked 
| 182|0x000000008b600000, 0x000000008b600000, 0x000000008b700000|  0%| F|  |TAMS 0x000000008b600000, 0x000000008b600000| Untracked 
| 183|0x000000008b700000, 0x000000008b700000, 0x000000008b800000|  0%| F|  |TAMS 0x000000008b700000, 0x000000008b700000| Untracked 
| 184|0x000000008b800000, 0x000000008b800000, 0x000000008b900000|  0%| F|  |TAMS 0x000000008b800000, 0x000000008b800000| Untracked 
| 185|0x000000008b900000, 0x000000008b98b738, 0x000000008ba00000| 54%| E|  |TAMS 0x000000008b900000, 0x000000008b900000| Complete 
| 186|0x000000008ba00000, 0x000000008bb00000, 0x000000008bb00000|100%| E|CS|TAMS 0x000000008ba00000, 0x000000008ba00000| Complete 
| 187|0x000000008bb00000, 0x000000008bc00000, 0x000000008bc00000|100%| E|CS|TAMS 0x000000008bb00000, 0x000000008bb00000| Complete 
| 188|0x000000008bc00000, 0x000000008bd00000, 0x000000008bd00000|100%| E|CS|TAMS 0x000000008bc00000, 0x000000008bc00000| Complete 
| 189|0x000000008bd00000, 0x000000008be00000, 0x000000008be00000|100%| E|CS|TAMS 0x000000008bd00000, 0x000000008bd00000| Complete 
| 190|0x000000008be00000, 0x000000008bf00000, 0x000000008bf00000|100%| E|CS|TAMS 0x000000008be00000, 0x000000008be00000| Complete 
| 191|0x000000008bf00000, 0x000000008c000000, 0x000000008c000000|100%| E|CS|TAMS 0x000000008bf00000, 0x000000008bf00000| Complete 
| 192|0x000000008c000000, 0x000000008c100000, 0x000000008c100000|100%| E|CS|TAMS 0x000000008c000000, 0x000000008c000000| Complete 
| 193|0x000000008c100000, 0x000000008c200000, 0x000000008c200000|100%| E|CS|TAMS 0x000000008c100000, 0x000000008c100000| Complete 
| 194|0x000000008c200000, 0x000000008c300000, 0x000000008c300000|100%| E|CS|TAMS 0x000000008c200000, 0x000000008c200000| Complete 
| 195|0x000000008c300000, 0x000000008c400000, 0x000000008c400000|100%| E|CS|TAMS 0x000000008c300000, 0x000000008c300000| Complete 
| 196|0x000000008c400000, 0x000000008c500000, 0x000000008c500000|100%| E|CS|TAMS 0x000000008c400000, 0x000000008c400000| Complete 
| 197|0x000000008c500000, 0x000000008c600000, 0x000000008c600000|100%| E|CS|TAMS 0x000000008c500000, 0x000000008c500000| Complete 
| 198|0x000000008c600000, 0x000000008c700000, 0x000000008c700000|100%| E|CS|TAMS 0x000000008c600000, 0x000000008c600000| Complete 
| 199|0x000000008c700000, 0x000000008c800000, 0x000000008c800000|100%| E|CS|TAMS 0x000000008c700000, 0x000000008c700000| Complete 
| 200|0x000000008c800000, 0x000000008c900000, 0x000000008c900000|100%| E|CS|TAMS 0x000000008c800000, 0x000000008c800000| Complete 
| 201|0x000000008c900000, 0x000000008ca00000, 0x000000008ca00000|100%| E|CS|TAMS 0x000000008c900000, 0x000000008c900000| Complete 
| 202|0x000000008ca00000, 0x000000008cb00000, 0x000000008cb00000|100%| E|CS|TAMS 0x000000008ca00000, 0x000000008ca00000| Complete 
| 203|0x000000008cb00000, 0x000000008cc00000, 0x000000008cc00000|100%| E|CS|TAMS 0x000000008cb00000, 0x000000008cb00000| Complete 
| 204|0x000000008cc00000, 0x000000008cd00000, 0x000000008cd00000|100%| E|CS|TAMS 0x000000008cc00000, 0x000000008cc00000| Complete 
| 205|0x000000008cd00000, 0x000000008ce00000, 0x000000008ce00000|100%| E|CS|TAMS 0x000000008cd00000, 0x000000008cd00000| Complete 
| 206|0x000000008ce00000, 0x000000008cf00000, 0x000000008cf00000|100%| E|CS|TAMS 0x000000008ce00000, 0x000000008ce00000| Complete 
| 207|0x000000008cf00000, 0x000000008d000000, 0x000000008d000000|100%| E|CS|TAMS 0x000000008cf00000, 0x000000008cf00000| Complete 
| 208|0x000000008d000000, 0x000000008d100000, 0x000000008d100000|100%| E|CS|TAMS 0x000000008d000000, 0x000000008d000000| Complete 
| 209|0x000000008d100000, 0x000000008d200000, 0x000000008d200000|100%| E|CS|TAMS 0x000000008d100000, 0x000000008d100000| Complete 
| 210|0x000000008d200000, 0x000000008d300000, 0x000000008d300000|100%| E|CS|TAMS 0x000000008d200000, 0x000000008d200000| Complete 
| 211|0x000000008d300000, 0x000000008d400000, 0x000000008d400000|100%| E|CS|TAMS 0x000000008d300000, 0x000000008d300000| Complete 
| 212|0x000000008d400000, 0x000000008d500000, 0x000000008d500000|100%| E|CS|TAMS 0x000000008d400000, 0x000000008d400000| Complete 

Card table byte_map: [0x0000013eb32f0000,0x0000013eb36f0000] _byte_map_base: 0x0000013eb2ef0000

Marking Bits (Prev, Next): (CMBitMap*) 0x0000013ea044d9f8, (CMBitMap*) 0x0000013ea044da30
 Prev Bits: [0x0000013eb3af0000, 0x0000013eb5af0000)
 Next Bits: [0x0000013eb5af0000, 0x0000013eb7af0000)

Polling page: 0x0000013e9e1b0000

Metaspace:

Usage:
  Non-class:    113.42 MB capacity,   110.63 MB ( 98%) used,     2.26 MB (  2%) free+waste,   539.75 KB ( <1%) overhead. 
      Class:     16.89 MB capacity,    15.30 MB ( 91%) used,     1.37 MB (  8%) free+waste,   234.56 KB (  1%) overhead. 
       Both:    130.31 MB capacity,   125.93 MB ( 97%) used,     3.63 MB (  3%) free+waste,   774.31 KB ( <1%) overhead. 

Virtual space:
  Non-class space:      114.00 MB reserved,     113.50 MB (>99%) committed 
      Class space:        1.00 GB reserved,      16.95 MB (  2%) committed 
             Both:        1.11 GB reserved,     130.45 MB ( 11%) committed 

Chunk freelists:
   Non-Class:  17.00 KB
       Class:  0 bytes
        Both:  17.00 KB

MaxMetaspaceSize: 17179869184.00 GB
CompressedClassSpaceSize: 1.00 GB

CodeHeap 'non-profiled nmethods': size=120064Kb used=19668Kb max_used=20049Kb free=100396Kb
 bounds [0x0000013eab9b0000, 0x0000013eacd50000, 0x0000013eb2ef0000]
CodeHeap 'profiled nmethods': size=120000Kb used=58113Kb max_used=60245Kb free=61886Kb
 bounds [0x0000013ea4480000, 0x0000013ea7fd0000, 0x0000013eab9b0000]
CodeHeap 'non-nmethods': size=5696Kb used=2356Kb max_used=2423Kb free=3339Kb
 bounds [0x0000013ea3ef0000, 0x0000013ea4160000, 0x0000013ea4480000]
 total_blobs=26455 nmethods=25480 adapters=884
 compilation: enabled
              stopped_count=0, restarted_count=0
 full_count=0

Compilation events (20 events):
Event: 4279.935 Thread 0x0000013eba009800 nmethod 30331 0x0000013ea7f75f90 code [0x0000013ea7f761e0, 0x0000013ea7f76828]
Event: 4279.937 Thread 0x0000013eba009800 30332       2       org.gradle.api.internal.artifacts.result.DefaultResolutionResult::getRoot (13 bytes)
Event: 4279.937 Thread 0x0000013eba009800 nmethod 30332 0x0000013ea7f76b90 code [0x0000013ea7f76d40, 0x0000013ea7f76ea8]
Event: 4279.947 Thread 0x0000013eba009800 30333   !   2       org.gradle.internal.execution.impl.DefaultInputFingerprinter$InputCollectingVisitor::visitInputProperty (151 bytes)
Event: 4279.949 Thread 0x0000013eba009800 nmethod 30333 0x0000013ea7f76f90 code [0x0000013ea7f772a0, 0x0000013ea7f77ee8]
Event: 4279.967 Thread 0x0000013eba009800 30334       2       org.gradle.api.internal.artifacts.transform.AbstractTransformedArtifactSet$CalculateArtifacts::calculateValue (81 bytes)
Event: 4279.969 Thread 0x0000013eba009800 nmethod 30334 0x0000013ea7f78790 code [0x0000013ea7f789e0, 0x0000013ea7f79198]
Event: 4279.971 Thread 0x0000013eba009800 30335       2       org.gradle.api.internal.artifacts.transform.CacheableInvocation$$Lambda$845/0x0000000100aa9040::get$Lambda (10 bytes)
Event: 4279.971 Thread 0x0000013eba009800 nmethod 30335 0x0000013ea7f79590 code [0x0000013ea7f79740, 0x0000013ea7f79938]
Event: 4279.972 Thread 0x0000013eba009800 30336       2       org.gradle.api.internal.artifacts.transform.CacheableInvocation::flatMap (29 bytes)
Event: 4279.974 Thread 0x0000013eba009800 nmethod 30336 0x0000013ea7f79a10 code [0x0000013ea7f79c40, 0x0000013ea7f7a498]
Event: 4279.974 Thread 0x0000013eba009800 30337       2       org.gradle.api.internal.artifacts.transform.CacheableInvocation$$Lambda$843/0x0000000100aaa040::get$Lambda (9 bytes)
Event: 4279.974 Thread 0x0000013eba009800 nmethod 30337 0x0000013ea7f7a890 code [0x0000013ea7f7aa40, 0x0000013ea7f7abb8]
Event: 4279.974 Thread 0x0000013eba009800 30338       2       org.gradle.api.internal.artifacts.transform.TransformationStep$$Lambda$837/0x0000000100aab840::get$Lambda (9 bytes)
Event: 4279.974 Thread 0x0000013eba009800 nmethod 30338 0x0000013ea7f7ac90 code [0x0000013ea7f7ae40, 0x0000013ea7f7afb8]
Event: 4279.974 Thread 0x0000013eba009800 30339       2       org.gradle.api.internal.artifacts.transform.TransformationStep$$Lambda$837/0x0000000100aab840::<init> (10 bytes)
Event: 4279.974 Thread 0x0000013eba009800 nmethod 30339 0x0000013ea6b94e10 code [0x0000013ea6b94fc0, 0x0000013ea6b950f8]
Event: 4279.975 Thread 0x0000013eba009800 30340       2       org.gradle.api.internal.artifacts.transform.TransformationStep::lambda$createInvocation$1 (98 bytes)
Event: 4279.977 Thread 0x0000013eba009800 nmethod 30340 0x0000013ea7f7b090 code [0x0000013ea7f7b2e0, 0x0000013ea7f7baf8]
Event: 4279.987 Thread 0x0000013eba009800 30342       3       com.android.tools.r8.internal.T6::a (4191 bytes)

GC Heap History (20 events):
Event: 4147.547 GC heap before
{Heap before GC invocations=171 (full 0):
 garbage-first heap   total 218112K, used 140249K [0x0000000080000000, 0x0000000100000000)
  region size 1024K, 54 young (55296K), 1 survivors (1024K)
 Metaspace       used 128511K, capacity 132928K, committed 133068K, reserved 1165312K
  class space    used 15616K, capacity 17236K, committed 17356K, reserved 1048576K
}
Event: 4147.560 GC heap after
{Heap after GC invocations=172 (full 0):
 garbage-first heap   total 218112K, used 90758K [0x0000000080000000, 0x0000000100000000)
  region size 1024K, 4 young (4096K), 4 survivors (4096K)
 Metaspace       used 128511K, capacity 132928K, committed 133068K, reserved 1165312K
  class space    used 15616K, capacity 17236K, committed 17356K, reserved 1048576K
}
Event: 4276.224 GC heap before
{Heap before GC invocations=173 (full 0):
 garbage-first heap   total 218112K, used 191110K [0x0000000080000000, 0x0000000100000000)
  region size 1024K, 77 young (78848K), 4 survivors (4096K)
 Metaspace       used 128606K, capacity 133161K, committed 133324K, reserved 1165312K
  class space    used 15619K, capacity 17270K, committed 17356K, reserved 1048576K
}
Event: 4276.236 GC heap after
{Heap after GC invocations=174 (full 0):
 garbage-first heap   total 218112K, used 92274K [0x0000000080000000, 0x0000000100000000)
  region size 1024K, 6 young (6144K), 6 survivors (6144K)
 Metaspace       used 128606K, capacity 133161K, committed 133324K, reserved 1165312K
  class space    used 15619K, capacity 17270K, committed 17356K, reserved 1048576K
}
Event: 4276.284 GC heap before
{Heap before GC invocations=174 (full 0):
 garbage-first heap   total 218112K, used 95346K [0x0000000080000000, 0x0000000100000000)
  region size 1024K, 10 young (10240K), 6 survivors (6144K)
 Metaspace       used 128632K, capacity 133161K, committed 133324K, reserved 1165312K
  class space    used 15619K, capacity 17270K, committed 17356K, reserved 1048576K
}
Event: 4276.301 GC heap after
{Heap after GC invocations=175 (full 0):
 garbage-first heap   total 218112K, used 88613K [0x0000000080000000, 0x0000000100000000)
  region size 1024K, 1 young (1024K), 1 survivors (1024K)
 Metaspace       used 128632K, capacity 133161K, committed 133324K, reserved 1165312K
  class space    used 15619K, capacity 17270K, committed 17356K, reserved 1048576K
}
Event: 4277.306 GC heap before
{Heap before GC invocations=175 (full 0):
 garbage-first heap   total 218112K, used 165413K [0x0000000080000000, 0x0000000100000000)
  region size 1024K, 77 young (78848K), 1 survivors (1024K)
 Metaspace       used 128686K, capacity 133167K, committed 133324K, reserved 1165312K
  class space    used 15623K, capacity 17271K, committed 17356K, reserved 1048576K
}
Event: 4277.317 GC heap after
{Heap after GC invocations=176 (full 0):
 garbage-first heap   total 218112K, used 88734K [0x0000000080000000, 0x0000000100000000)
  region size 1024K, 1 young (1024K), 1 survivors (1024K)
 Metaspace       used 128686K, capacity 133167K, committed 133324K, reserved 1165312K
  class space    used 15623K, capacity 17271K, committed 17356K, reserved 1048576K
}
Event: 4277.993 GC heap before
{Heap before GC invocations=177 (full 0):
 garbage-first heap   total 218112K, used 172702K [0x0000000080000000, 0x0000000100000000)
  region size 1024K, 81 young (82944K), 1 survivors (1024K)
 Metaspace       used 128708K, capacity 133179K, committed 133324K, reserved 1165312K
  class space    used 15628K, capacity 17275K, committed 17356K, reserved 1048576K
}
Event: 4277.999 GC heap after
{Heap after GC invocations=178 (full 0):
 garbage-first heap   total 218112K, used 91489K [0x0000000080000000, 0x0000000100000000)
  region size 1024K, 2 young (2048K), 2 survivors (2048K)
 Metaspace       used 128708K, capacity 133179K, committed 133324K, reserved 1165312K
  class space    used 15628K, capacity 17275K, committed 17356K, reserved 1048576K
}
Event: 4278.027 GC heap before
{Heap before GC invocations=178 (full 0):
 garbage-first heap   total 218112K, used 98657K [0x0000000080000000, 0x0000000100000000)
  region size 1024K, 10 young (10240K), 2 survivors (2048K)
 Metaspace       used 128708K, capacity 133179K, committed 133324K, reserved 1165312K
  class space    used 15628K, capacity 17275K, committed 17356K, reserved 1048576K
}
Event: 4278.037 GC heap after
{Heap after GC invocations=179 (full 0):
 garbage-first heap   total 218112K, used 83817K [0x0000000080000000, 0x0000000100000000)
  region size 1024K, 1 young (1024K), 1 survivors (1024K)
 Metaspace       used 128708K, capacity 133179K, committed 133324K, reserved 1165312K
  class space    used 15628K, capacity 17275K, committed 17356K, reserved 1048576K
}
Event: 4278.261 GC heap before
{Heap before GC invocations=179 (full 0):
 garbage-first heap   total 218112K, used 167785K [0x0000000080000000, 0x0000000100000000)
  region size 1024K, 83 young (84992K), 1 survivors (1024K)
 Metaspace       used 128708K, capacity 133179K, committed 133324K, reserved 1165312K
  class space    used 15628K, capacity 17275K, committed 17356K, reserved 1048576K
}
Event: 4278.267 GC heap after
{Heap after GC invocations=180 (full 0):
 garbage-first heap   total 218112K, used 85169K [0x0000000080000000, 0x0000000100000000)
  region size 1024K, 3 young (3072K), 3 survivors (3072K)
 Metaspace       used 128708K, capacity 133179K, committed 133324K, reserved 1165312K
  class space    used 15628K, capacity 17275K, committed 17356K, reserved 1048576K
}
Event: 4279.406 GC heap before
{Heap before GC invocations=181 (full 0):
 garbage-first heap   total 218112K, used 170161K [0x0000000080000000, 0x0000000100000000)
  region size 1024K, 86 young (88064K), 3 survivors (3072K)
 Metaspace       used 128718K, capacity 133182K, committed 133324K, reserved 1165312K
  class space    used 15629K, capacity 17276K, committed 17356K, reserved 1048576K
}
Event: 4279.410 GC heap after
{Heap after GC invocations=182 (full 0):
 garbage-first heap   total 218112K, used 81373K [0x0000000080000000, 0x0000000100000000)
  region size 1024K, 1 young (1024K), 1 survivors (1024K)
 Metaspace       used 128718K, capacity 133182K, committed 133324K, reserved 1165312K
  class space    used 15629K, capacity 17276K, committed 17356K, reserved 1048576K
}
Event: 4279.485 GC heap before
{Heap before GC invocations=182 (full 0):
 garbage-first heap   total 218112K, used 90589K [0x0000000080000000, 0x0000000100000000)
  region size 1024K, 10 young (10240K), 1 survivors (1024K)
 Metaspace       used 128764K, capacity 133263K, committed 133580K, reserved 1165312K
  class space    used 15639K, capacity 17282K, committed 17356K, reserved 1048576K
}
Event: 4279.490 GC heap after
{Heap after GC invocations=183 (full 0):
 garbage-first heap   total 218112K, used 80815K [0x0000000080000000, 0x0000000100000000)
  region size 1024K, 1 young (1024K), 1 survivors (1024K)
 Metaspace       used 128764K, capacity 133263K, committed 133580K, reserved 1165312K
  class space    used 15639K, capacity 17282K, committed 17356K, reserved 1048576K
}
Event: 4279.511 GC heap before
{Heap before GC invocations=183 (full 0):
 garbage-first heap   total 218112K, used 80815K [0x0000000080000000, 0x0000000100000000)
  region size 1024K, 2 young (2048K), 1 survivors (1024K)
 Metaspace       used 128801K, capacity 133290K, committed 133580K, reserved 1165312K
  class space    used 15648K, capacity 17291K, committed 17356K, reserved 1048576K
}
Event: 4279.515 GC heap after
{Heap after GC invocations=184 (full 0):
 garbage-first heap   total 218112K, used 80842K [0x0000000080000000, 0x0000000100000000)
  region size 1024K, 1 young (1024K), 1 survivors (1024K)
 Metaspace       used 128801K, capacity 133290K, committed 133580K, reserved 1165312K
  class space    used 15648K, capacity 17291K, committed 17356K, reserved 1048576K
}

Deoptimization events (20 events):
Event: 4279.842 Thread 0x0000013ebb96b800 Uncommon trap: trap_request=0xffffffde fr.pc=0x0000013eacd34348 relative=0x0000000000003048
Event: 4279.842 Thread 0x0000013ebb96b800 Uncommon trap: reason=class_check action=maybe_recompile pc=0x0000013eacd34348 method=org.gradle.api.internal.artifacts.transform.DefaultTransformerInvocationFactory.getImmutableTransformationIdentity(Ljava/lang/String;Lorg/gradle/internal/snapshot/FileSy
Event: 4279.842 Thread 0x0000013ebb96b800 DEOPT PACKING pc=0x0000013eacd34348 sp=0x00000009059fb9d0
Event: 4279.842 Thread 0x0000013ebb96b800 DEOPT UNPACKING pc=0x0000013ea3f178af sp=0x00000009059fb7f0 mode 2
Event: 4279.844 Thread 0x0000013ebb96b800 Uncommon trap: trap_request=0xffffffde fr.pc=0x0000013eacd34348 relative=0x0000000000003048
Event: 4279.844 Thread 0x0000013ebb96b800 Uncommon trap: reason=class_check action=maybe_recompile pc=0x0000013eacd34348 method=org.gradle.api.internal.artifacts.transform.DefaultTransformerInvocationFactory.getImmutableTransformationIdentity(Ljava/lang/String;Lorg/gradle/internal/snapshot/FileSy
Event: 4279.844 Thread 0x0000013ebb96b800 DEOPT PACKING pc=0x0000013eacd34348 sp=0x00000009059fbad0
Event: 4279.844 Thread 0x0000013ebb96b800 DEOPT UNPACKING pc=0x0000013ea3f178af sp=0x00000009059fb8f0 mode 2
Event: 4279.926 Thread 0x0000013ebb96b800 DEOPT PACKING pc=0x0000013ea7f117ac sp=0x00000009059fa5a0
Event: 4279.926 Thread 0x0000013ebb96b800 DEOPT UNPACKING pc=0x0000013ea3f176ce sp=0x00000009059f9c10 mode 0
Event: 4279.928 Thread 0x0000013ebb96b800 DEOPT PACKING pc=0x0000013ea694b4ac sp=0x00000009059faa60
Event: 4279.928 Thread 0x0000013ebb96b800 DEOPT UNPACKING pc=0x0000013ea3f176ce sp=0x00000009059f9f30 mode 0
Event: 4279.934 Thread 0x0000013ebb96b800 DEOPT PACKING pc=0x0000013ea742c00d sp=0x00000009059fae20
Event: 4279.934 Thread 0x0000013ebb96b800 DEOPT UNPACKING pc=0x0000013ea3f176ce sp=0x00000009059fa2c0 mode 0
Event: 4279.994 Thread 0x0000013ebb960000 Uncommon trap: trap_request=0xffffff4d fr.pc=0x0000013eac9b42a4 relative=0x0000000000006d24
Event: 4279.994 Thread 0x0000013ebb960000 Uncommon trap: reason=unstable_if action=reinterpret pc=0x0000013eac9b42a4 method=com.android.tools.r8.internal.T6.a(Lcom/android/tools/r8/internal/f7;[Lcom/android/tools/r8/internal/X1;I)V @ 3716 c2
Event: 4279.995 Thread 0x0000013ebb960000 DEOPT PACKING pc=0x0000013eac9b42a4 sp=0x0000000904dfaed0
Event: 4279.995 Thread 0x0000013ebb960000 DEOPT UNPACKING pc=0x0000013ea3f178af sp=0x0000000904dfaf40 mode 2
Event: 4280.012 Thread 0x0000013ebb960000 DEOPT PACKING pc=0x0000013ea6c22c63 sp=0x0000000904dfaec0
Event: 4280.012 Thread 0x0000013ebb960000 DEOPT UNPACKING pc=0x0000013ea3f176ce sp=0x0000000904dfa398 mode 0

Classes redefined (0 events):
No events

Internal exceptions (20 events):
Event: 4145.604 Thread 0x0000013ebb964800 Exception <a 'sun/nio/fs/WindowsException'{0x000000008c0117e8}> (0x000000008c0117e8) thrown at [./src/hotspot/share/prims/jni.cpp, line 615]
Event: 4145.633 Thread 0x0000013ebb964800 Exception <a 'java/lang/NoClassDefFoundError'{0x000000008bebd8f0}: org/jetbrains/kotlin/gradle/plugin/KotlinBasePluginWrapper> (0x000000008bebd8f0) thrown at [./src/hotspot/share/oops/constantPool.cpp, line 775]
Event: 4145.655 Thread 0x0000013ebb964800 Exception <a 'sun/nio/fs/WindowsException'{0x000000008bce0088}> (0x000000008bce0088) thrown at [./src/hotspot/share/prims/jni.cpp, line 615]
Event: 4145.660 Thread 0x0000013ebb964800 Exception <a 'sun/nio/fs/WindowsException'{0x000000008bb82220}> (0x000000008bb82220) thrown at [./src/hotspot/share/prims/jni.cpp, line 615]
Event: 4145.660 Thread 0x0000013ebb964800 Exception <a 'sun/nio/fs/WindowsException'{0x000000008bb831d0}> (0x000000008bb831d0) thrown at [./src/hotspot/share/prims/jni.cpp, line 615]
Event: 4145.661 Thread 0x0000013ebb964800 Exception <a 'sun/nio/fs/WindowsException'{0x000000008bb841d0}> (0x000000008bb841d0) thrown at [./src/hotspot/share/prims/jni.cpp, line 615]
Event: 4145.661 Thread 0x0000013ebb964800 Exception <a 'sun/nio/fs/WindowsException'{0x000000008bb851d0}> (0x000000008bb851d0) thrown at [./src/hotspot/share/prims/jni.cpp, line 615]
Event: 4147.270 Thread 0x0000013ebdb5c800 Exception <a 'sun/nio/fs/WindowsException'{0x000000008c266b18}> (0x000000008c266b18) thrown at [./src/hotspot/share/prims/jni.cpp, line 615]
Event: 4147.270 Thread 0x0000013ebdb5c800 Exception <a 'sun/nio/fs/WindowsException'{0x000000008c266c00}> (0x000000008c266c00) thrown at [./src/hotspot/share/prims/jni.cpp, line 615]
Event: 4275.348 Thread 0x0000013ec0263000 Exception <a 'sun/nio/fs/WindowsException'{0x000000008bfe18d8}> (0x000000008bfe18d8) thrown at [./src/hotspot/share/prims/jni.cpp, line 615]
Event: 4275.384 Thread 0x0000013ec0263000 Exception <a 'java/lang/NoClassDefFoundError'{0x000000008bc88f58}: org/jetbrains/kotlin/gradle/plugin/KotlinBasePluginWrapper> (0x000000008bc88f58) thrown at [./src/hotspot/share/oops/constantPool.cpp, line 775]
Event: 4275.414 Thread 0x0000013ec0263000 Exception <a 'sun/nio/fs/WindowsException'{0x000000008baa6470}> (0x000000008baa6470) thrown at [./src/hotspot/share/prims/jni.cpp, line 615]
Event: 4275.432 Thread 0x0000013ec0263000 Exception <a 'sun/nio/fs/WindowsException'{0x000000008b948b48}> (0x000000008b948b48) thrown at [./src/hotspot/share/prims/jni.cpp, line 615]
Event: 4275.432 Thread 0x0000013ec0263000 Exception <a 'sun/nio/fs/WindowsException'{0x000000008b949af8}> (0x000000008b949af8) thrown at [./src/hotspot/share/prims/jni.cpp, line 615]
Event: 4275.432 Thread 0x0000013ec0263000 Exception <a 'sun/nio/fs/WindowsException'{0x000000008b94aaf8}> (0x000000008b94aaf8) thrown at [./src/hotspot/share/prims/jni.cpp, line 615]
Event: 4275.432 Thread 0x0000013ec0263000 Exception <a 'sun/nio/fs/WindowsException'{0x000000008b94baf8}> (0x000000008b94baf8) thrown at [./src/hotspot/share/prims/jni.cpp, line 615]
Event: 4276.666 Thread 0x0000013ebb96b800 Implicit null exception at 0x0000013eabdf0ec4 to 0x0000013eabdf21fc
Event: 4279.733 Thread 0x0000013ebb960000 Exception <a 'sun/nio/fs/WindowsException'{0x000000008b14ef28}> (0x000000008b14ef28) thrown at [./src/hotspot/share/prims/jni.cpp, line 615]
Event: 4279.818 Thread 0x0000013ebb968800 Exception <a 'sun/nio/fs/WindowsException'{0x000000008af8e930}> (0x000000008af8e930) thrown at [./src/hotspot/share/prims/jni.cpp, line 615]
Event: 4279.908 Thread 0x0000013ebb969000 Exception <a 'sun/nio/fs/WindowsException'{0x000000008a1cb3c0}> (0x000000008a1cb3c0) thrown at [./src/hotspot/share/prims/jni.cpp, line 615]

Events (20 events):
Event: 4280.025 Thread 0x0000013eba016800 flushing nmethod 0x0000013ea480e790
Event: 4280.025 Thread 0x0000013eba016800 flushing nmethod 0x0000013ea4820c90
Event: 4280.025 Thread 0x0000013eba016800 flushing nmethod 0x0000013ea4821110
Event: 4280.025 Thread 0x0000013eba016800 flushing nmethod 0x0000013ea4823490
Event: 4280.025 Thread 0x0000013eba016800 flushing nmethod 0x0000013ea4836790
Event: 4280.025 Thread 0x0000013eba016800 flushing nmethod 0x0000013ea483cd90
Event: 4280.025 Thread 0x0000013eba016800 flushing nmethod 0x0000013ea483fa90
Event: 4280.025 Thread 0x0000013eba016800 flushing nmethod 0x0000013ea4840690
Event: 4280.025 Thread 0x0000013eba016800 flushing nmethod 0x0000013ea484e090
Event: 4280.027 Thread 0x0000013eba016800 flushing nmethod 0x0000013ea4886f90
Event: 4280.027 Thread 0x0000013eba016800 flushing nmethod 0x0000013ea4894610
Event: 4280.027 Thread 0x0000013eba016800 flushing nmethod 0x0000013ea489c310
Event: 4280.027 Thread 0x0000013eba016800 flushing nmethod 0x0000013ea48a1810
Event: 4280.027 Thread 0x0000013eba016800 flushing nmethod 0x0000013ea48d0010
Event: 4280.028 Thread 0x0000013eba016800 flushing nmethod 0x0000013ea48d3e10
Event: 4280.028 Thread 0x0000013eba016800 flushing nmethod 0x0000013ea48e5010
Event: 4280.028 Thread 0x0000013eba016800 flushing nmethod 0x0000013ea48edb90
Event: 4280.028 Thread 0x0000013eba016800 flushing nmethod 0x0000013ea4908290
Event: 4280.028 Thread 0x0000013eba016800 flushing nmethod 0x0000013ea4909010
Event: 4280.028 Thread 0x0000013eba016800 flushing nmethod 0x0000013ea4931b90


Dynamic libraries:
0x00007ff6a68f0000 - 0x00007ff6a68fa000 	C:\Program Files\Android\Android Studio1\jre\bin\java.exe
0x00007ffa93660000 - 0x00007ffa93850000 	C:\Windows\SYSTEM32\ntdll.dll
0x00007ffa93040000 - 0x00007ffa930f2000 	C:\Windows\System32\KERNEL32.DLL
0x00007ffa907c0000 - 0x00007ffa90a66000 	C:\Windows\System32\KERNELBASE.dll
0x00007ffa915d0000 - 0x00007ffa916ca000 	C:\Windows\System32\ucrtbase.dll
0x00007ffa7f580000 - 0x00007ffa7f599000 	C:\Program Files\Android\Android Studio1\jre\bin\jli.dll
0x00007ffa7ed80000 - 0x00007ffa7ed97000 	C:\Program Files\Android\Android Studio1\jre\bin\VCRUNTIME140.dll
0x00007ffa92330000 - 0x00007ffa924c4000 	C:\Windows\System32\USER32.dll
0x00007ffa914f0000 - 0x00007ffa91511000 	C:\Windows\System32\win32u.dll
0x00007ffa79600000 - 0x00007ffa79884000 	C:\Windows\WinSxS\amd64_microsoft.windows.common-controls_6595b64144ccf1df_6.0.18362.1734_none_9e7c63e3e45fdc87\COMCTL32.dll
0x00007ffa92150000 - 0x00007ffa92176000 	C:\Windows\System32\GDI32.dll
0x00007ffa91f50000 - 0x00007ffa91fee000 	C:\Windows\System32\msvcrt.dll
0x00007ffa90a70000 - 0x00007ffa90c08000 	C:\Windows\System32\gdi32full.dll
0x00007ffa90690000 - 0x00007ffa9072e000 	C:\Windows\System32\msvcp_win.dll
0x00007ffa91c10000 - 0x00007ffa91f46000 	C:\Windows\System32\combase.dll
0x00007ffa91730000 - 0x00007ffa9184f000 	C:\Windows\System32\RPCRT4.dll
0x00007ffa90730000 - 0x00007ffa907b4000 	C:\Windows\System32\bcryptPrimitives.dll
0x00007ffa91700000 - 0x00007ffa9172e000 	C:\Windows\System32\IMM32.DLL
0x00007ffa73460000 - 0x00007ffa734fd000 	C:\Program Files\Android\Android Studio1\jre\bin\msvcp140.dll
0x00007ffa69980000 - 0x00007ffa6a44f000 	C:\Program Files\Android\Android Studio1\jre\bin\server\jvm.dll
0x00007ffa92620000 - 0x00007ffa926c3000 	C:\Windows\System32\ADVAPI32.dll
0x00007ffa91850000 - 0x00007ffa918e7000 	C:\Windows\System32\sechost.dll
0x00007ffa924e0000 - 0x00007ffa924e8000 	C:\Windows\System32\PSAPI.DLL
0x00007ffa8e2a0000 - 0x00007ffa8e2c4000 	C:\Windows\SYSTEM32\WINMM.dll
0x00007ffa8e380000 - 0x00007ffa8e389000 	C:\Windows\SYSTEM32\WSOCK32.dll
0x00007ffa89af0000 - 0x00007ffa89afa000 	C:\Windows\SYSTEM32\VERSION.dll
0x00007ffa92810000 - 0x00007ffa9287f000 	C:\Windows\System32\WS2_32.dll
0x00007ffa8e270000 - 0x00007ffa8e29d000 	C:\Windows\SYSTEM32\WINMMBASE.dll
0x00007ffa905c0000 - 0x00007ffa9060a000 	C:\Windows\System32\cfgmgr32.dll
0x00007ffa905a0000 - 0x00007ffa905b1000 	C:\Windows\System32\kernel.appcore.dll
0x00007ffa8c5a0000 - 0x00007ffa8c5b1000 	C:\Program Files\Android\Android Studio1\jre\bin\verify.dll
0x00007ffa8ede0000 - 0x00007ffa8efd4000 	C:\Windows\SYSTEM32\DBGHELP.DLL
0x00007ffa77e80000 - 0x00007ffa77eaa000 	C:\Windows\SYSTEM32\dbgcore.DLL
0x00007ffa8ab70000 - 0x00007ffa8ab99000 	C:\Program Files\Android\Android Studio1\jre\bin\java.dll
0x00007ffa8c590000 - 0x00007ffa8c59b000 	C:\Program Files\Android\Android Studio1\jre\bin\jimage.dll
0x00007ffa8a390000 - 0x00007ffa8a3a8000 	C:\Program Files\Android\Android Studio1\jre\bin\zip.dll
0x00007ffa92880000 - 0x00007ffa92f67000 	C:\Windows\System32\SHELL32.dll
0x00007ffa91a90000 - 0x00007ffa91b39000 	C:\Windows\System32\shcore.dll
0x00007ffa90c10000 - 0x00007ffa9138b000 	C:\Windows\System32\windows.storage.dll
0x00007ffa90580000 - 0x00007ffa9059e000 	C:\Windows\System32\profapi.dll
0x00007ffa90530000 - 0x00007ffa9057a000 	C:\Windows\System32\powrprof.dll
0x00007ffa90500000 - 0x00007ffa90510000 	C:\Windows\System32\UMPDC.dll
0x00007ffa92f80000 - 0x00007ffa92fd2000 	C:\Windows\System32\shlwapi.dll
0x00007ffa90610000 - 0x00007ffa90627000 	C:\Windows\System32\cryptsp.dll
0x00007ffa893e0000 - 0x00007ffa893fa000 	C:\Program Files\Android\Android Studio1\jre\bin\net.dll
0x00007ffa87260000 - 0x00007ffa87359000 	C:\Windows\SYSTEM32\WINHTTP.dll
0x00007ffa8fcf0000 - 0x00007ffa8fd57000 	C:\Windows\system32\mswsock.dll
0x00007ffa893c0000 - 0x00007ffa893d4000 	C:\Program Files\Android\Android Studio1\jre\bin\nio.dll
0x00007ffa83350000 - 0x00007ffa83377000 	C:\Users\RAJPUT\.gradle\native\8bec1ad78214c89d9ad589b4d07fe93259594b29d510b10fafb7a158f7737e5d\windows-amd64\native-platform.dll
0x00007ffa68f80000 - 0x00007ffa690bd000 	C:\Users\RAJPUT\.gradle\native\53dbd7edfb1c66fb8903c78663c9afc45aea4f116125fa6feffd364cf09443e8\windows-amd64\native-platform-file-events.dll
0x00007ffa8c580000 - 0x00007ffa8c58a000 	C:\Program Files\Android\Android Studio1\jre\bin\management.dll
0x00007ffa8c1e0000 - 0x00007ffa8c1ec000 	C:\Program Files\Android\Android Studio1\jre\bin\management_ext.dll
0x00007ffa8f870000 - 0x00007ffa8f8a3000 	C:\Windows\system32\rsaenh.dll
0x00007ffa916d0000 - 0x00007ffa916f6000 	C:\Windows\System32\bcrypt.dll
0x00007ffa90420000 - 0x00007ffa90445000 	C:\Windows\SYSTEM32\USERENV.dll
0x00007ffa8fec0000 - 0x00007ffa8fecc000 	C:\Windows\SYSTEM32\CRYPTBASE.dll
0x00007ffa8fa00000 - 0x00007ffa8fa3a000 	C:\Windows\SYSTEM32\IPHLPAPI.DLL
0x00007ffa92f70000 - 0x00007ffa92f78000 	C:\Windows\System32\NSI.dll
0x00007ffa89270000 - 0x00007ffa89286000 	C:\Windows\SYSTEM32\dhcpcsvc6.DLL
0x00007ffa89d50000 - 0x00007ffa89d6c000 	C:\Windows\SYSTEM32\dhcpcsvc.DLL
0x00007ffa8faa0000 - 0x00007ffa8fb6a000 	C:\Windows\SYSTEM32\DNSAPI.dll
0x00007ffa873c0000 - 0x00007ffa873e7000 	C:\Program Files\Android\Android Studio1\jre\bin\sunec.dll

dbghelp: loaded successfully - version: 4.0.5 - missing functions: none
symbol engine: initialized successfully - sym options: 0x614 - pdb path: .;C:\Program Files\Android\Android Studio1\jre\bin;C:\Windows\SYSTEM32;C:\Windows\WinSxS\amd64_microsoft.windows.common-controls_6595b64144ccf1df_6.0.18362.1734_none_9e7c63e3e45fdc87;C:\Program Files\Android\Android Studio1\jre\bin\server;C:\Users\RAJPUT\.gradle\native\8bec1ad78214c89d9ad589b4d07fe93259594b29d510b10fafb7a158f7737e5d\windows-amd64;C:\Users\RAJPUT\.gradle\native\53dbd7edfb1c66fb8903c78663c9afc45aea4f116125fa6feffd364cf09443e8\windows-amd64

VM Arguments:
jvm_args: --add-opens=java.base/java.util=ALL-UNNAMED --add-opens=java.base/java.lang=ALL-UNNAMED --add-opens=java.base/java.lang.invoke=ALL-UNNAMED --add-opens=java.base/java.util=ALL-UNNAMED --add-opens=java.prefs/java.util.prefs=ALL-UNNAMED --add-opens=java.prefs/java.util.prefs=ALL-UNNAMED --add-opens=java.base/java.nio.charset=ALL-UNNAMED --add-opens=java.base/java.net=ALL-UNNAMED --add-opens=java.base/java.util.concurrent.atomic=ALL-UNNAMED -Xmx2048m -Dfile.encoding=UTF-8 -Duser.country=US -Duser.language=en -Duser.variant 
java_command: org.gradle.launcher.daemon.bootstrap.GradleDaemon 7.0.2
java_class_path (initial): C:\Users\RAJPUT\.gradle\wrapper\dists\gradle-7.0.2-bin\857tjihv64xamwrf0h14cai3r\gradle-7.0.2\lib\gradle-launcher-7.0.2.jar
Launcher Type: SUN_STANDARD

[Global flags]
     intx CICompilerCount                          = 3                                         {product} {ergonomic}
     uint ConcGCThreads                            = 1                                         {product} {ergonomic}
     uint G1ConcRefinementThreads                  = 4                                         {product} {ergonomic}
   size_t G1HeapRegionSize                         = 1048576                                   {product} {ergonomic}
    uintx GCDrainStackTargetSize                   = 64                                        {product} {ergonomic}
   size_t InitialHeapSize                          = 123731968                                 {product} {ergonomic}
   size_t MarkStackSize                            = 4194304                                   {product} {ergonomic}
   size_t MaxHeapSize                              = 2147483648                                {product} {command line}
   size_t MaxNewSize                               = 1287651328                                {product} {ergonomic}
   size_t MinHeapDeltaBytes                        = 1048576                                   {product} {ergonomic}
    uintx NonNMethodCodeHeapSize                   = 5830732                                {pd product} {ergonomic}
    uintx NonProfiledCodeHeapSize                  = 122913754                              {pd product} {ergonomic}
    uintx ProfiledCodeHeapSize                     = 122913754                              {pd product} {ergonomic}
    uintx ReservedCodeCacheSize                    = 251658240                              {pd product} {ergonomic}
     bool SegmentedCodeCache                       = true                                      {product} {ergonomic}
     bool UseCompressedClassPointers               = true                                 {lp64_product} {ergonomic}
     bool UseCompressedOops                        = true                                 {lp64_product} {ergonomic}
     bool UseG1GC                                  = true                                      {product} {ergonomic}
     bool UseLargePagesIndividualAllocation        = false                                  {pd product} {ergonomic}

Logging:
Log output configuration:
 #0: stdout all=warning uptime,level,tags
 #1: stderr all=off uptime,level,tags

Environment Variables:
JAVA_HOME=C:\Program Files\Java\jdk-15.0.1
PATH=C:\Program Files\Common Files\Oracle\Java\javapath;C:\Windows\system32;C:\Windows;C:\Windows\System32\Wbem;C:\Windows\System32\WindowsPowerShell\v1.0\;C:\Windows\System32\OpenSSH\;C:\Program Files\Java\jdk-15.0.1;C:\Users\RAJPUT\AppData\Local\Microsoft\WindowsApps;
USERNAME=RAJPUT
OS=Windows_NT
PROCESSOR_IDENTIFIER=Intel64 Family 6 Model 142 Stepping 9, GenuineIntel



---------------  S Y S T E M  ---------------

OS: Windows 10 , 64 bit Build 18362 (10.0.18362.1714)
OS uptime: 0 days 3:20 hours

CPU:total 4 (initial active 4) (2 cores per cpu, 2 threads per core) family 6 model 142 stepping 9 microcode 0x9a, cmov, cx8, fxsr, mmx, sse, sse2, sse3, ssse3, sse4.1, sse4.2, popcnt, avx, avx2, aes, clmul, erms, 3dnowpref, lzcnt, ht, tsc, tscinvbit, bmi1, bmi2, adx, fma

Memory: 4k page, system-wide physical 7437M (251M free)
TotalPageFile size 7437M (AvailPageFile size 4M)
current process WorkingSet (physical memory assigned to process): 454M, peak: 553M
current process commit charge ("private bytes"): 644M, peak: 645M

vm_info: OpenJDK 64-Bit Server VM (11.0.10+0-b96-7249189) for windows-amd64 JRE (11.0.10+0-b96-7249189), built on Mar 31 2021 21:44:00 by "builder" with MS VC++ 14.0 (VS2015)

END.
